<?xml version="1.0" encoding="UTF-8"?>
<testng-results ignored="0" total="1" passed="1" failed="0" skipped="0">
  <reporter-output>
  </reporter-output>
  <suite started-at="2024-10-24T11:48:11 IST" name="Default suite" finished-at="2024-10-24T11:48:18 IST" duration-ms="6488">
    <groups>
    </groups>
    <test started-at="2024-10-24T11:48:11 IST" name="Default test" finished-at="2024-10-24T11:48:18 IST" duration-ms="6488">
      <class name="com.actitime.testscript.CustomerModule">
        <test-method signature="createCustomer()[pri:0, instance:com.actitime.testscript.CustomerModule@158da8e]" started-at="2024-10-24T11:48:11 IST" name="createCustomer" finished-at="2024-10-24T11:48:18 IST" duration-ms="6415" status="PASS">
          <reporter-output>
          </reporter-output>
        </test-method> <!-- createCustomer -->
      </class> <!-- com.actitime.testscript.CustomerModule -->
    </test> <!-- Default test -->
  </suite> <!-- Default suite -->
</testng-results>
