<?xml version="1.0" encoding="UTF-8"?>
<testng-results ignored="0" total="1" passed="1" failed="0" skipped="0">
  <reporter-output>
  </reporter-output>
  <suite started-at="2024-10-22T22:47:04 IST" name="Suite" finished-at="2024-10-22T22:47:08 IST" duration-ms="4063">
    <groups>
    </groups>
    <test started-at="2024-10-22T22:47:04 IST" name="Test" finished-at="2024-10-22T22:47:08 IST" duration-ms="4063">
      <class name="com.actitime.testscript.CustomerModule">
        <test-method signature="createCustomer()[pri:0, instance:com.actitime.testscript.CustomerModule@4c371370]" started-at="2024-10-22T22:47:04 IST" name="createCustomer" finished-at="2024-10-22T22:47:08 IST" duration-ms="3985" status="PASS">
          <reporter-output>
          </reporter-output>
        </test-method> <!-- createCustomer -->
      </class> <!-- com.actitime.testscript.CustomerModule -->
    </test> <!-- Test -->
  </suite> <!-- Suite -->
</testng-results>
